141003 20:11:38 [Note] C:\Program Files (x86)\xampp\mysql\bin\mysqld-nt.exe: ready for connections.
Version: '5.0.24a-community-nt'  socket: ''  port: 3306  MySQL Community Edition (GPL)
141004 14:39:31 [Note] C:\Program Files (x86)\xampp\mysql\bin\mysqld-nt.exe: ready for connections.
Version: '5.0.24a-community-nt'  socket: ''  port: 3306  MySQL Community Edition (GPL)
141004 16:42:05 [Note] C:\Program Files (x86)\xampp\mysql\bin\mysqld-nt.exe: ready for connections.
Version: '5.0.24a-community-nt'  socket: ''  port: 3306  MySQL Community Edition (GPL)
141006  6:23:48 [Note] C:\Program Files (x86)\xampp\mysql\bin\mysqld-nt.exe: ready for connections.
Version: '5.0.24a-community-nt'  socket: ''  port: 3306  MySQL Community Edition (GPL)
141008 12:27:59 [Note] C:\Program Files (x86)\xampp\mysql\bin\mysqld-nt.exe: ready for connections.
Version: '5.0.24a-community-nt'  socket: ''  port: 3306  MySQL Community Edition (GPL)
141008 17:07:37 [Note] C:\Program Files (x86)\xampp\mysql\bin\mysqld-nt.exe: ready for connections.
Version: '5.0.24a-community-nt'  socket: ''  port: 3306  MySQL Community Edition (GPL)
141012 19:52:05 [Note] C:\Program Files (x86)\xampp\mysql\bin\mysqld-nt.exe: Normal shutdown

141012 19:52:12 [Note] C:\Program Files (x86)\xampp\mysql\bin\mysqld-nt.exe: Shutdown complete

141012 19:53:53 [Note] C:\Program Files (x86)\xampp\mysql\bin\mysqld-nt.exe: ready for connections.
Version: '5.0.24a-community-nt'  socket: ''  port: 3306  MySQL Community Edition (GPL)
141013  9:06:49 [Note] C:\Program Files (x86)\xampp\mysql\bin\mysqld-nt.exe: ready for connections.
Version: '5.0.24a-community-nt'  socket: ''  port: 3306  MySQL Community Edition (GPL)
141013 20:44:44 [Note] C:\Program Files (x86)\xampp\mysql\bin\mysqld-nt.exe: Normal shutdown

141013 20:44:49 [Note] C:\Program Files (x86)\xampp\mysql\bin\mysqld-nt.exe: Shutdown complete

141013 20:46:33 [Note] C:\Program Files (x86)\xampp\mysql\bin\mysqld-nt.exe: ready for connections.
Version: '5.0.24a-community-nt'  socket: ''  port: 3306  MySQL Community Edition (GPL)
141014 21:25:09 [Note] C:\Program Files (x86)\xampp\mysql\bin\mysqld-nt.exe: ready for connections.
Version: '5.0.24a-community-nt'  socket: ''  port: 3306  MySQL Community Edition (GPL)
141016 14:45:54 [Note] C:\Program Files (x86)\xampp\mysql\bin\mysqld-nt.exe: ready for connections.
Version: '5.0.24a-community-nt'  socket: ''  port: 3306  MySQL Community Edition (GPL)
141016 22:49:00 [Note] C:\Program Files (x86)\xampp\mysql\bin\mysqld-nt.exe: Normal shutdown

141016 22:49:06 [Note] C:\Program Files (x86)\xampp\mysql\bin\mysqld-nt.exe: Shutdown complete

141017 15:08:14 [Note] C:\Program Files (x86)\xampp\mysql\bin\mysqld-nt.exe: ready for connections.
Version: '5.0.24a-community-nt'  socket: ''  port: 3306  MySQL Community Edition (GPL)
141018 11:19:12 [Note] C:\Program Files (x86)\xampp\mysql\bin\mysqld-nt.exe: ready for connections.
Version: '5.0.24a-community-nt'  socket: ''  port: 3306  MySQL Community Edition (GPL)
141018 15:54:35 [Note] C:\Program Files (x86)\xampp\mysql\bin\mysqld-nt.exe: ready for connections.
Version: '5.0.24a-community-nt'  socket: ''  port: 3306  MySQL Community Edition (GPL)
141018 18:03:31 [Note] C:\Program Files (x86)\xampp\mysql\bin\mysqld-nt.exe: Normal shutdown

141018 18:03:34 [Note] C:\Program Files (x86)\xampp\mysql\bin\mysqld-nt.exe: Shutdown complete

141018 18:04:50 [Note] C:\Program Files (x86)\xampp\mysql\bin\mysqld-nt.exe: ready for connections.
Version: '5.0.24a-community-nt'  socket: ''  port: 3306  MySQL Community Edition (GPL)
141018 12:18:29 [Note] C:\Program Files (x86)\xampp\mysql\bin\mysqld-nt.exe: Normal shutdown

141018 12:18:29 [Note] C:\Program Files (x86)\xampp\mysql\bin\mysqld-nt.exe: Shutdown complete

141018 12:19:40 [Note] C:\Program Files (x86)\xampp\mysql\bin\mysqld-nt.exe: ready for connections.
Version: '5.0.24a-community-nt'  socket: ''  port: 3306  MySQL Community Edition (GPL)
141022 16:02:20 [Note] C:\Program Files (x86)\xampp\mysql\bin\mysqld-nt.exe: ready for connections.
Version: '5.0.24a-community-nt'  socket: ''  port: 3306  MySQL Community Edition (GPL)
141022 18:01:19 [Note] C:\Program Files (x86)\xampp\mysql\bin\mysqld-nt.exe: ready for connections.
Version: '5.0.24a-community-nt'  socket: ''  port: 3306  MySQL Community Edition (GPL)
141023 15:10:25 [Note] C:\Program Files (x86)\xampp\mysql\bin\mysqld-nt.exe: ready for connections.
Version: '5.0.24a-community-nt'  socket: ''  port: 3306  MySQL Community Edition (GPL)
141023 19:18:47 [Note] C:\Program Files (x86)\xampp\mysql\bin\mysqld-nt.exe: ready for connections.
Version: '5.0.24a-community-nt'  socket: ''  port: 3306  MySQL Community Edition (GPL)
141024 20:34:47 [Note] C:\Program Files (x86)\xampp\mysql\bin\mysqld-nt.exe: Normal shutdown

141024 20:34:50 [Note] C:\Program Files (x86)\xampp\mysql\bin\mysqld-nt.exe: Shutdown complete

141024 20:36:13 [Note] C:\Program Files (x86)\xampp\mysql\bin\mysqld-nt.exe: ready for connections.
Version: '5.0.24a-community-nt'  socket: ''  port: 3306  MySQL Community Edition (GPL)
141025 18:30:03 [Note] C:\Program Files (x86)\xampp\mysql\bin\mysqld-nt.exe: ready for connections.
Version: '5.0.24a-community-nt'  socket: ''  port: 3306  MySQL Community Edition (GPL)
141025 20:57:49 [Note] C:\Program Files (x86)\xampp\mysql\bin\mysqld-nt.exe: ready for connections.
Version: '5.0.24a-community-nt'  socket: ''  port: 3306  MySQL Community Edition (GPL)
141026 17:39:57 [Note] C:\Program Files (x86)\xampp\mysql\bin\mysqld-nt.exe: Normal shutdown

141026 17:40:00 [Note] C:\Program Files (x86)\xampp\mysql\bin\mysqld-nt.exe: Shutdown complete

141026 17:41:24 [Note] C:\Program Files (x86)\xampp\mysql\bin\mysqld-nt.exe: ready for connections.
Version: '5.0.24a-community-nt'  socket: ''  port: 3306  MySQL Community Edition (GPL)
141026 17:48:49 [Note] C:\Program Files (x86)\xampp\mysql\bin\mysqld-nt.exe: Normal shutdown

141026 17:48:49 [Note] C:\Program Files (x86)\xampp\mysql\bin\mysqld-nt.exe: Shutdown complete

141026 17:49:54 [Note] C:\Program Files (x86)\xampp\mysql\bin\mysqld-nt.exe: ready for connections.
Version: '5.0.24a-community-nt'  socket: ''  port: 3306  MySQL Community Edition (GPL)
141026 17:53:40 [Note] C:\Program Files (x86)\xampp\mysql\bin\mysqld-nt.exe: Normal shutdown

141026 17:53:40 [Note] C:\Program Files (x86)\xampp\mysql\bin\mysqld-nt.exe: Shutdown complete

141026 17:54:43 [Note] C:\Program Files (x86)\xampp\mysql\bin\mysqld-nt.exe: ready for connections.
Version: '5.0.24a-community-nt'  socket: ''  port: 3306  MySQL Community Edition (GPL)
141026 18:15:08 [Note] C:\Program Files (x86)\xampp\mysql\bin\mysqld-nt.exe: Normal shutdown

141026 18:15:09 [Note] C:\Program Files (x86)\xampp\mysql\bin\mysqld-nt.exe: Shutdown complete

141026 18:16:41 [Note] C:\Program Files (x86)\xampp\mysql\bin\mysqld-nt.exe: ready for connections.
Version: '5.0.24a-community-nt'  socket: ''  port: 3306  MySQL Community Edition (GPL)
141026 18:23:07 [Note] C:\Program Files (x86)\xampp\mysql\bin\mysqld-nt.exe: Normal shutdown

141026 18:23:07 [Note] C:\Program Files (x86)\xampp\mysql\bin\mysqld-nt.exe: Shutdown complete

141026 18:29:59 [Note] C:\Program Files (x86)\xampp\mysql\bin\mysqld-nt.exe: ready for connections.
Version: '5.0.24a-community-nt'  socket: ''  port: 3306  MySQL Community Edition (GPL)
141027 22:39:01 [Note] C:\Program Files (x86)\xampp\mysql\bin\mysqld-nt.exe: Normal shutdown

141027 22:39:02 [Note] C:\Program Files (x86)\xampp\mysql\bin\mysqld-nt.exe: Shutdown complete

141027 22:40:21 [Note] C:\Program Files (x86)\xampp\mysql\bin\mysqld-nt.exe: ready for connections.
Version: '5.0.24a-community-nt'  socket: ''  port: 3306  MySQL Community Edition (GPL)
141027 22:57:01 [Note] C:\Program Files (x86)\xampp\mysql\bin\mysqld-nt.exe: Normal shutdown

141027 22:57:01 [Note] C:\Program Files (x86)\xampp\mysql\bin\mysqld-nt.exe: Shutdown complete

141027 22:58:22 [Note] C:\Program Files (x86)\xampp\mysql\bin\mysqld-nt.exe: ready for connections.
Version: '5.0.24a-community-nt'  socket: ''  port: 3306  MySQL Community Edition (GPL)
141028 15:43:23 [Note] C:\Program Files (x86)\xampp\mysql\bin\mysqld-nt.exe: ready for connections.
Version: '5.0.24a-community-nt'  socket: ''  port: 3306  MySQL Community Edition (GPL)
141029 15:12:51 [Note] C:\Program Files (x86)\xampp\mysql\bin\mysqld-nt.exe: ready for connections.
Version: '5.0.24a-community-nt'  socket: ''  port: 3306  MySQL Community Edition (GPL)
141029 16:44:25 [Note] C:\Program Files (x86)\xampp\mysql\bin\mysqld-nt.exe: ready for connections.
Version: '5.0.24a-community-nt'  socket: ''  port: 3306  MySQL Community Edition (GPL)
141030  7:16:58 [Note] C:\Program Files (x86)\xampp\mysql\bin\mysqld-nt.exe: ready for connections.
Version: '5.0.24a-community-nt'  socket: ''  port: 3306  MySQL Community Edition (GPL)
141030 15:32:02 [Note] C:\Program Files (x86)\xampp\mysql\bin\mysqld-nt.exe: ready for connections.
Version: '5.0.24a-community-nt'  socket: ''  port: 3306  MySQL Community Edition (GPL)
141030 16:40:41 [Note] C:\Program Files (x86)\xampp\mysql\bin\mysqld-nt.exe: ready for connections.
Version: '5.0.24a-community-nt'  socket: ''  port: 3306  MySQL Community Edition (GPL)
141031 12:09:24 [Note] C:\Program Files (x86)\xampp\mysql\bin\mysqld-nt.exe: ready for connections.
Version: '5.0.24a-community-nt'  socket: ''  port: 3306  MySQL Community Edition (GPL)
141101 14:49:15 [Note] C:\Program Files (x86)\xampp\mysql\bin\mysqld-nt.exe: Normal shutdown

141101 14:49:23 [Note] C:\Program Files (x86)\xampp\mysql\bin\mysqld-nt.exe: Shutdown complete

141101 14:50:42 [Note] C:\Program Files (x86)\xampp\mysql\bin\mysqld-nt.exe: ready for connections.
Version: '5.0.24a-community-nt'  socket: ''  port: 3306  MySQL Community Edition (GPL)
141102 12:33:36 [Note] C:\Program Files (x86)\xampp\mysql\bin\mysqld-nt.exe: ready for connections.
Version: '5.0.24a-community-nt'  socket: ''  port: 3306  MySQL Community Edition (GPL)
141103  9:40:09 [Note] C:\Program Files (x86)\xampp\mysql\bin\mysqld-nt.exe: ready for connections.
Version: '5.0.24a-community-nt'  socket: ''  port: 3306  MySQL Community Edition (GPL)
141103 16:05:59 [Note] C:\Program Files (x86)\xampp\mysql\bin\mysqld-nt.exe: ready for connections.
Version: '5.0.24a-community-nt'  socket: ''  port: 3306  MySQL Community Edition (GPL)
141103 23:38:33 [Note] C:\Program Files (x86)\xampp\mysql\bin\mysqld-nt.exe: Normal shutdown

141103 23:38:34 [Note] C:\Program Files (x86)\xampp\mysql\bin\mysqld-nt.exe: Shutdown complete

141104  6:35:38 [Note] C:\Program Files (x86)\xampp\mysql\bin\mysqld-nt.exe: ready for connections.
Version: '5.0.24a-community-nt'  socket: ''  port: 3306  MySQL Community Edition (GPL)
141104  6:58:03 [Note] C:\Program Files (x86)\xampp\mysql\bin\mysqld-nt.exe: Normal shutdown

141104  6:58:03 [Note] C:\Program Files (x86)\xampp\mysql\bin\mysqld-nt.exe: Shutdown complete

141104 14:36:48 [Note] C:\Program Files (x86)\xampp\mysql\bin\mysqld-nt.exe: ready for connections.
Version: '5.0.24a-community-nt'  socket: ''  port: 3306  MySQL Community Edition (GPL)
141105 14:09:08 [Note] C:\Program Files (x86)\xampp\mysql\bin\mysqld-nt.exe: ready for connections.
Version: '5.0.24a-community-nt'  socket: ''  port: 3306  MySQL Community Edition (GPL)
141105 16:56:24 [Note] C:\Program Files (x86)\xampp\mysql\bin\mysqld-nt.exe: ready for connections.
Version: '5.0.24a-community-nt'  socket: ''  port: 3306  MySQL Community Edition (GPL)
141105 16:59:41 [Note] C:\Program Files (x86)\xampp\mysql\bin\mysqld-nt.exe: ready for connections.
Version: '5.0.24a-community-nt'  socket: ''  port: 3306  MySQL Community Edition (GPL)
141105 17:13:19 [Note] C:\Program Files (x86)\xampp\mysql\bin\mysqld-nt.exe: ready for connections.
Version: '5.0.24a-community-nt'  socket: ''  port: 3306  MySQL Community Edition (GPL)
141105 17:54:57 [Note] C:\Program Files (x86)\xampp\mysql\bin\mysqld-nt.exe: ready for connections.
Version: '5.0.24a-community-nt'  socket: ''  port: 3306  MySQL Community Edition (GPL)
141105 18:11:05 [Note] C:\Program Files (x86)\xampp\mysql\bin\mysqld-nt.exe: ready for connections.
Version: '5.0.24a-community-nt'  socket: ''  port: 3306  MySQL Community Edition (GPL)
141105 18:13:41 [Note] C:\Program Files (x86)\xampp\mysql\bin\mysqld-nt.exe: ready for connections.
Version: '5.0.24a-community-nt'  socket: ''  port: 3306  MySQL Community Edition (GPL)
141106  6:08:29 [Note] C:\Program Files (x86)\xampp\mysql\bin\mysqld-nt.exe: ready for connections.
Version: '5.0.24a-community-nt'  socket: ''  port: 3306  MySQL Community Edition (GPL)
141108 17:53:29 [Note] C:\Program Files (x86)\xampp\mysql\bin\mysqld-nt.exe: ready for connections.
Version: '5.0.24a-community-nt'  socket: ''  port: 3306  MySQL Community Edition (GPL)
141108 17:58:16 [Note] C:\Program Files (x86)\xampp\mysql\bin\mysqld-nt.exe: ready for connections.
Version: '5.0.24a-community-nt'  socket: ''  port: 3306  MySQL Community Edition (GPL)
141109  9:57:44 [Note] C:\Program Files (x86)\xampp\mysql\bin\mysqld-nt.exe: ready for connections.
Version: '5.0.24a-community-nt'  socket: ''  port: 3306  MySQL Community Edition (GPL)
141109 13:29:34 [Note] C:\Program Files (x86)\xampp\mysql\bin\mysqld-nt.exe: ready for connections.
Version: '5.0.24a-community-nt'  socket: ''  port: 3306  MySQL Community Edition (GPL)
141109 14:22:15 [Note] C:\Program Files (x86)\xampp\mysql\bin\mysqld-nt.exe: ready for connections.
Version: '5.0.24a-community-nt'  socket: ''  port: 3306  MySQL Community Edition (GPL)
141109 15:02:34 [Note] C:\Program Files (x86)\xampp\mysql\bin\mysqld-nt.exe: ready for connections.
Version: '5.0.24a-community-nt'  socket: ''  port: 3306  MySQL Community Edition (GPL)
141109 16:31:26 [Note] C:\Program Files (x86)\xampp\mysql\bin\mysqld-nt.exe: ready for connections.
Version: '5.0.24a-community-nt'  socket: ''  port: 3306  MySQL Community Edition (GPL)
141109 21:40:11 [Note] C:\Program Files (x86)\xampp\mysql\bin\mysqld-nt.exe: ready for connections.
Version: '5.0.24a-community-nt'  socket: ''  port: 3306  MySQL Community Edition (GPL)
141109 22:12:15 [Note] C:\Program Files (x86)\xampp\mysql\bin\mysqld-nt.exe: ready for connections.
Version: '5.0.24a-community-nt'  socket: ''  port: 3306  MySQL Community Edition (GPL)
141110  5:01:03 [Note] C:\Program Files (x86)\xampp\mysql\bin\mysqld-nt.exe: Normal shutdown

141110  5:01:03 [Note] C:\Program Files (x86)\xampp\mysql\bin\mysqld-nt.exe: Shutdown complete

141110 10:38:02 [Note] C:\Program Files (x86)\xampp\mysql\bin\mysqld-nt.exe: ready for connections.
Version: '5.0.24a-community-nt'  socket: ''  port: 3306  MySQL Community Edition (GPL)
141110 10:41:10 [Note] C:\Program Files (x86)\xampp\mysql\bin\mysqld-nt.exe: ready for connections.
Version: '5.0.24a-community-nt'  socket: ''  port: 3306  MySQL Community Edition (GPL)
141110 13:22:47 [Note] C:\Program Files (x86)\xampp\mysql\bin\mysqld-nt.exe: ready for connections.
Version: '5.0.24a-community-nt'  socket: ''  port: 3306  MySQL Community Edition (GPL)
141110 14:49:03 [Note] C:\Program Files (x86)\xampp\mysql\bin\mysqld-nt.exe: ready for connections.
Version: '5.0.24a-community-nt'  socket: ''  port: 3306  MySQL Community Edition (GPL)
141110 21:44:01 [Note] C:\Program Files (x86)\xampp\mysql\bin\mysqld-nt.exe: ready for connections.
Version: '5.0.24a-community-nt'  socket: ''  port: 3306  MySQL Community Edition (GPL)
141110 22:31:42 [Note] C:\Program Files (x86)\xampp\mysql\bin\mysqld-nt.exe: ready for connections.
Version: '5.0.24a-community-nt'  socket: ''  port: 3306  MySQL Community Edition (GPL)
141110 22:44:10 [Note] C:\Program Files (x86)\xampp\mysql\bin\mysqld-nt.exe: ready for connections.
Version: '5.0.24a-community-nt'  socket: ''  port: 3306  MySQL Community Edition (GPL)
141110 23:35:54 [Note] C:\Program Files (x86)\xampp\mysql\bin\mysqld-nt.exe: ready for connections.
Version: '5.0.24a-community-nt'  socket: ''  port: 3306  MySQL Community Edition (GPL)
141111  0:34:54 [Note] C:\Program Files (x86)\xampp\mysql\bin\mysqld-nt.exe: ready for connections.
Version: '5.0.24a-community-nt'  socket: ''  port: 3306  MySQL Community Edition (GPL)
141111  1:04:10 [Note] C:\Program Files (x86)\xampp\mysql\bin\mysqld-nt.exe: ready for connections.
Version: '5.0.24a-community-nt'  socket: ''  port: 3306  MySQL Community Edition (GPL)
141111  7:09:01 [Note] C:\Program Files (x86)\xampp\mysql\bin\mysqld-nt.exe: ready for connections.
Version: '5.0.24a-community-nt'  socket: ''  port: 3306  MySQL Community Edition (GPL)
141111  7:11:06 [Note] C:\Program Files (x86)\xampp\mysql\bin\mysqld-nt.exe: ready for connections.
Version: '5.0.24a-community-nt'  socket: ''  port: 3306  MySQL Community Edition (GPL)
141111  7:13:20 [Note] C:\Program Files (x86)\xampp\mysql\bin\mysqld-nt.exe: ready for connections.
Version: '5.0.24a-community-nt'  socket: ''  port: 3306  MySQL Community Edition (GPL)
141111  9:12:40 [Note] C:\Program Files (x86)\xampp\mysql\bin\mysqld-nt.exe: ready for connections.
Version: '5.0.24a-community-nt'  socket: ''  port: 3306  MySQL Community Edition (GPL)
141111  9:19:28 [Note] C:\Program Files (x86)\xampp\mysql\bin\mysqld-nt.exe: ready for connections.
Version: '5.0.24a-community-nt'  socket: ''  port: 3306  MySQL Community Edition (GPL)
141111  9:52:55 [Note] C:\Program Files (x86)\xampp\mysql\bin\mysqld-nt.exe: ready for connections.
Version: '5.0.24a-community-nt'  socket: ''  port: 3306  MySQL Community Edition (GPL)
141111  9:57:01 [Note] C:\Program Files (x86)\xampp\mysql\bin\mysqld-nt.exe: ready for connections.
Version: '5.0.24a-community-nt'  socket: ''  port: 3306  MySQL Community Edition (GPL)
141111 10:00:04 [Note] C:\Program Files (x86)\xampp\mysql\bin\mysqld-nt.exe: ready for connections.
Version: '5.0.24a-community-nt'  socket: ''  port: 3306  MySQL Community Edition (GPL)
141111 10:06:19 [Note] C:\Program Files (x86)\xampp\mysql\bin\mysqld-nt.exe: ready for connections.
Version: '5.0.24a-community-nt'  socket: ''  port: 3306  MySQL Community Edition (GPL)
141111 10:55:17 [Note] C:\Program Files (x86)\xampp\mysql\bin\mysqld-nt.exe: ready for connections.
Version: '5.0.24a-community-nt'  socket: ''  port: 3306  MySQL Community Edition (GPL)
141112 10:59:13 [Note] C:\Program Files (x86)\xampp\mysql\bin\mysqld-nt.exe: ready for connections.
Version: '5.0.24a-community-nt'  socket: ''  port: 3306  MySQL Community Edition (GPL)
141112 17:12:38 [Note] C:\Program Files (x86)\xampp\mysql\bin\mysqld-nt.exe: ready for connections.
Version: '5.0.24a-community-nt'  socket: ''  port: 3306  MySQL Community Edition (GPL)
141112 17:15:49 [Note] C:\Program Files (x86)\xampp\mysql\bin\mysqld-nt.exe: ready for connections.
Version: '5.0.24a-community-nt'  socket: ''  port: 3306  MySQL Community Edition (GPL)
141113 12:33:30 [Note] C:\Program Files (x86)\xampp\mysql\bin\mysqld-nt.exe: ready for connections.
Version: '5.0.24a-community-nt'  socket: ''  port: 3306  MySQL Community Edition (GPL)
141114  7:18:03 [Note] C:\Program Files (x86)\xampp\mysql\bin\mysqld-nt.exe: ready for connections.
Version: '5.0.24a-community-nt'  socket: ''  port: 3306  MySQL Community Edition (GPL)
141114 21:26:46 [Note] C:\Program Files (x86)\xampp\mysql\bin\mysqld-nt.exe: ready for connections.
Version: '5.0.24a-community-nt'  socket: ''  port: 3306  MySQL Community Edition (GPL)
141114 21:29:32 [Note] C:\Program Files (x86)\xampp\mysql\bin\mysqld-nt.exe: Normal shutdown

141114 21:29:32 [Note] C:\Program Files (x86)\xampp\mysql\bin\mysqld-nt.exe: Shutdown complete

141114 21:31:53 [Note] C:\Program Files (x86)\xampp\mysql\bin\mysqld-nt.exe: ready for connections.
Version: '5.0.24a-community-nt'  socket: ''  port: 3306  MySQL Community Edition (GPL)
141114 22:08:31 [Note] C:\Program Files (x86)\xampp\mysql\bin\mysqld-nt.exe: ready for connections.
Version: '5.0.24a-community-nt'  socket: ''  port: 3306  MySQL Community Edition (GPL)
141114 23:11:32 [Note] C:\Program Files (x86)\xampp\mysql\bin\mysqld-nt.exe: ready for connections.
Version: '5.0.24a-community-nt'  socket: ''  port: 3306  MySQL Community Edition (GPL)
141115 11:50:58 [Note] C:\Program Files (x86)\xampp\mysql\bin\mysqld-nt.exe: ready for connections.
Version: '5.0.24a-community-nt'  socket: ''  port: 3306  MySQL Community Edition (GPL)
141115 21:40:18 [Note] C:\Program Files (x86)\xampp\mysql\bin\mysqld-nt.exe: ready for connections.
Version: '5.0.24a-community-nt'  socket: ''  port: 3306  MySQL Community Edition (GPL)
141116 11:42:31 [Note] C:\Program Files (x86)\xampp\mysql\bin\mysqld-nt.exe: ready for connections.
Version: '5.0.24a-community-nt'  socket: ''  port: 3306  MySQL Community Edition (GPL)
141116 21:43:07 [Note] C:\Program Files (x86)\xampp\mysql\bin\mysqld-nt.exe: ready for connections.
Version: '5.0.24a-community-nt'  socket: ''  port: 3306  MySQL Community Edition (GPL)
141117 11:34:13 [Note] C:\Program Files (x86)\xampp\mysql\bin\mysqld-nt.exe: Normal shutdown

141117 11:34:15 [Note] C:\Program Files (x86)\xampp\mysql\bin\mysqld-nt.exe: Shutdown complete

141117 11:36:05 [Note] C:\Program Files (x86)\xampp\mysql\bin\mysqld-nt.exe: ready for connections.
Version: '5.0.24a-community-nt'  socket: ''  port: 3306  MySQL Community Edition (GPL)
141117 13:46:42 [Note] C:\Program Files (x86)\xampp\mysql\bin\mysqld-nt.exe: Normal shutdown

141117 13:46:43 [Note] C:\Program Files (x86)\xampp\mysql\bin\mysqld-nt.exe: Shutdown complete

141117 13:48:09 [Note] C:\Program Files (x86)\xampp\mysql\bin\mysqld-nt.exe: ready for connections.
Version: '5.0.24a-community-nt'  socket: ''  port: 3306  MySQL Community Edition (GPL)
141117 15:48:10 [Note] C:\Program Files (x86)\xampp\mysql\bin\mysqld-nt.exe: Normal shutdown

141117 15:48:11 [Note] C:\Program Files (x86)\xampp\mysql\bin\mysqld-nt.exe: Shutdown complete

141117 15:49:41 [Note] C:\Program Files (x86)\xampp\mysql\bin\mysqld-nt.exe: ready for connections.
Version: '5.0.24a-community-nt'  socket: ''  port: 3306  MySQL Community Edition (GPL)
141117 16:07:47 [Note] C:\Program Files (x86)\xampp\mysql\bin\mysqld-nt.exe: Normal shutdown

141117 16:07:48 [Note] C:\Program Files (x86)\xampp\mysql\bin\mysqld-nt.exe: Shutdown complete

141117 16:09:08 [Note] C:\Program Files (x86)\xampp\mysql\bin\mysqld-nt.exe: ready for connections.
Version: '5.0.24a-community-nt'  socket: ''  port: 3306  MySQL Community Edition (GPL)
141117 22:38:58 [Note] C:\Program Files (x86)\xampp\mysql\bin\mysqld-nt.exe: ready for connections.
Version: '5.0.24a-community-nt'  socket: ''  port: 3306  MySQL Community Edition (GPL)
141118 15:13:02 [Note] C:\Program Files (x86)\xampp\mysql\bin\mysqld-nt.exe: ready for connections.
Version: '5.0.24a-community-nt'  socket: ''  port: 3306  MySQL Community Edition (GPL)
141118 16:40:09 [Note] C:\Program Files (x86)\xampp\mysql\bin\mysqld-nt.exe: ready for connections.
Version: '5.0.24a-community-nt'  socket: ''  port: 3306  MySQL Community Edition (GPL)
141118 16:41:39 [Note] C:\Program Files (x86)\xampp\mysql\bin\mysqld-nt.exe: Normal shutdown

141118 16:41:39 [Note] C:\Program Files (x86)\xampp\mysql\bin\mysqld-nt.exe: Shutdown complete

141118 16:43:07 [Note] C:\Program Files (x86)\xampp\mysql\bin\mysqld-nt.exe: ready for connections.
Version: '5.0.24a-community-nt'  socket: ''  port: 3306  MySQL Community Edition (GPL)
141119 14:01:58 [Note] C:\Program Files (x86)\xampp\mysql\bin\mysqld-nt.exe: ready for connections.
Version: '5.0.24a-community-nt'  socket: ''  port: 3306  MySQL Community Edition (GPL)
141120 10:41:09 [Note] C:\Program Files (x86)\xampp\mysql\bin\mysqld-nt.exe: ready for connections.
Version: '5.0.24a-community-nt'  socket: ''  port: 3306  MySQL Community Edition (GPL)
141121  8:35:35 [Note] C:\Program Files (x86)\xampp\mysql\bin\mysqld-nt.exe: ready for connections.
Version: '5.0.24a-community-nt'  socket: ''  port: 3306  MySQL Community Edition (GPL)
141121 11:00:12 [Note] C:\Program Files (x86)\xampp\mysql\bin\mysqld-nt.exe: ready for connections.
Version: '5.0.24a-community-nt'  socket: ''  port: 3306  MySQL Community Edition (GPL)
141121 14:53:54 [Note] C:\Program Files (x86)\xampp\mysql\bin\mysqld-nt.exe: ready for connections.
Version: '5.0.24a-community-nt'  socket: ''  port: 3306  MySQL Community Edition (GPL)
141121 16:23:12 [Note] C:\Program Files (x86)\xampp\mysql\bin\mysqld-nt.exe: ready for connections.
Version: '5.0.24a-community-nt'  socket: ''  port: 3306  MySQL Community Edition (GPL)
141123 10:33:13 [Note] C:\Program Files (x86)\xampp\mysql\bin\mysqld-nt.exe: ready for connections.
Version: '5.0.24a-community-nt'  socket: ''  port: 3306  MySQL Community Edition (GPL)
141125 23:36:55 [Note] C:\Program Files (x86)\xampp\mysql\bin\mysqld-nt.exe: ready for connections.
Version: '5.0.24a-community-nt'  socket: ''  port: 3306  MySQL Community Edition (GPL)
141127 15:15:37 [Note] C:\Program Files (x86)\xampp\mysql\bin\mysqld-nt.exe: ready for connections.
Version: '5.0.24a-community-nt'  socket: ''  port: 3306  MySQL Community Edition (GPL)
141128  6:43:40 [Note] C:\Program Files (x86)\xampp\mysql\bin\mysqld-nt.exe: ready for connections.
Version: '5.0.24a-community-nt'  socket: ''  port: 3306  MySQL Community Edition (GPL)
141128  9:43:40 [Note] C:\Program Files (x86)\xampp\mysql\bin\mysqld-nt.exe: ready for connections.
Version: '5.0.24a-community-nt'  socket: ''  port: 3306  MySQL Community Edition (GPL)
141129 21:00:56 [Note] C:\Program Files (x86)\xampp\mysql\bin\mysqld-nt.exe: Normal shutdown

141129 21:00:59 [Note] C:\Program Files (x86)\xampp\mysql\bin\mysqld-nt.exe: Shutdown complete

141129 21:02:20 [Note] C:\Program Files (x86)\xampp\mysql\bin\mysqld-nt.exe: ready for connections.
Version: '5.0.24a-community-nt'  socket: ''  port: 3306  MySQL Community Edition (GPL)
141201 12:42:53 [Note] C:\Program Files (x86)\xampp\mysql\bin\mysqld-nt.exe: ready for connections.
Version: '5.0.24a-community-nt'  socket: ''  port: 3306  MySQL Community Edition (GPL)
141201 13:09:43 [Note] C:\Program Files (x86)\xampp\mysql\bin\mysqld-nt.exe: ready for connections.
Version: '5.0.24a-community-nt'  socket: ''  port: 3306  MySQL Community Edition (GPL)
141201 13:32:01 [Note] C:\Program Files (x86)\xampp\mysql\bin\mysqld-nt.exe: ready for connections.
Version: '5.0.24a-community-nt'  socket: ''  port: 3306  MySQL Community Edition (GPL)
141201 14:56:23 [Note] C:\Program Files (x86)\xampp\mysql\bin\mysqld-nt.exe: ready for connections.
Version: '5.0.24a-community-nt'  socket: ''  port: 3306  MySQL Community Edition (GPL)
141201 16:51:26 [Note] C:\Program Files (x86)\xampp\mysql\bin\mysqld-nt.exe: ready for connections.
Version: '5.0.24a-community-nt'  socket: ''  port: 3306  MySQL Community Edition (GPL)
141201 20:56:51 [Note] C:\Program Files (x86)\xampp\mysql\bin\mysqld-nt.exe: ready for connections.
Version: '5.0.24a-community-nt'  socket: ''  port: 3306  MySQL Community Edition (GPL)
141201 21:28:53 [Note] C:\Program Files (x86)\xampp\mysql\bin\mysqld-nt.exe: ready for connections.
Version: '5.0.24a-community-nt'  socket: ''  port: 3306  MySQL Community Edition (GPL)
141202 10:23:07 [Note] C:\Program Files (x86)\xampp\mysql\bin\mysqld-nt.exe: ready for connections.
Version: '5.0.24a-community-nt'  socket: ''  port: 3306  MySQL Community Edition (GPL)
141202 11:59:16 [Note] C:\Program Files (x86)\xampp\mysql\bin\mysqld-nt.exe: ready for connections.
Version: '5.0.24a-community-nt'  socket: ''  port: 3306  MySQL Community Edition (GPL)
141202 14:17:34 [Note] C:\Program Files (x86)\xampp\mysql\bin\mysqld-nt.exe: ready for connections.
Version: '5.0.24a-community-nt'  socket: ''  port: 3306  MySQL Community Edition (GPL)
141202 19:50:44 [Note] C:\Program Files (x86)\xampp\mysql\bin\mysqld-nt.exe: ready for connections.
Version: '5.0.24a-community-nt'  socket: ''  port: 3306  MySQL Community Edition (GPL)
141203 11:57:23 [Note] C:\Program Files (x86)\xampp\mysql\bin\mysqld-nt.exe: ready for connections.
Version: '5.0.24a-community-nt'  socket: ''  port: 3306  MySQL Community Edition (GPL)
141203 11:59:33 [Note] C:\Program Files (x86)\xampp\mysql\bin\mysqld-nt.exe: ready for connections.
Version: '5.0.24a-community-nt'  socket: ''  port: 3306  MySQL Community Edition (GPL)
141203 13:25:51 [Note] C:\Program Files (x86)\xampp\mysql\bin\mysqld-nt.exe: ready for connections.
Version: '5.0.24a-community-nt'  socket: ''  port: 3306  MySQL Community Edition (GPL)
141204 12:25:15 [Note] C:\Program Files (x86)\xampp\mysql\bin\mysqld-nt.exe: ready for connections.
Version: '5.0.24a-community-nt'  socket: ''  port: 3306  MySQL Community Edition (GPL)
141204 12:49:31 [Note] C:\Program Files (x86)\xampp\mysql\bin\mysqld-nt.exe: ready for connections.
Version: '5.0.24a-community-nt'  socket: ''  port: 3306  MySQL Community Edition (GPL)
141204 19:10:39 [Note] C:\Program Files (x86)\xampp\mysql\bin\mysqld-nt.exe: ready for connections.
Version: '5.0.24a-community-nt'  socket: ''  port: 3306  MySQL Community Edition (GPL)
141205 11:00:55 [Note] C:\Program Files (x86)\xampp\mysql\bin\mysqld-nt.exe: ready for connections.
Version: '5.0.24a-community-nt'  socket: ''  port: 3306  MySQL Community Edition (GPL)
141206 12:39:19 [Note] C:\Program Files (x86)\xampp\mysql\bin\mysqld-nt.exe: ready for connections.
Version: '5.0.24a-community-nt'  socket: ''  port: 3306  MySQL Community Edition (GPL)
141206 13:52:30 [Note] C:\Program Files (x86)\xampp\mysql\bin\mysqld-nt.exe: ready for connections.
Version: '5.0.24a-community-nt'  socket: ''  port: 3306  MySQL Community Edition (GPL)
141206 15:16:36 [Note] C:\Program Files (x86)\xampp\mysql\bin\mysqld-nt.exe: ready for connections.
Version: '5.0.24a-community-nt'  socket: ''  port: 3306  MySQL Community Edition (GPL)
141207 12:13:26 [Note] C:\Program Files (x86)\xampp\mysql\bin\mysqld-nt.exe: ready for connections.
Version: '5.0.24a-community-nt'  socket: ''  port: 3306  MySQL Community Edition (GPL)
141208  5:51:44 [Note] C:\Program Files (x86)\xampp\mysql\bin\mysqld-nt.exe: Normal shutdown

141208  5:51:45 [Note] C:\Program Files (x86)\xampp\mysql\bin\mysqld-nt.exe: Shutdown complete

141208 10:27:38 [Note] C:\Program Files (x86)\xampp\mysql\bin\mysqld-nt.exe: ready for connections.
Version: '5.0.24a-community-nt'  socket: ''  port: 3306  MySQL Community Edition (GPL)
141208 18:59:54 [Note] C:\Program Files (x86)\xampp\mysql\bin\mysqld-nt.exe: ready for connections.
Version: '5.0.24a-community-nt'  socket: ''  port: 3306  MySQL Community Edition (GPL)
141209 12:28:43 [Note] C:\Program Files (x86)\xampp\mysql\bin\mysqld-nt.exe: ready for connections.
Version: '5.0.24a-community-nt'  socket: ''  port: 3306  MySQL Community Edition (GPL)
141209 13:47:57 [Note] C:\Program Files (x86)\xampp\mysql\bin\mysqld-nt.exe: ready for connections.
Version: '5.0.24a-community-nt'  socket: ''  port: 3306  MySQL Community Edition (GPL)
141209 16:08:59 [Note] C:\Program Files (x86)\xampp\mysql\bin\mysqld-nt.exe: ready for connections.
Version: '5.0.24a-community-nt'  socket: ''  port: 3306  MySQL Community Edition (GPL)
141209 18:15:09 [Note] C:\Program Files (x86)\xampp\mysql\bin\mysqld-nt.exe: ready for connections.
Version: '5.0.24a-community-nt'  socket: ''  port: 3306  MySQL Community Edition (GPL)
141210 12:25:46 [Note] C:\Program Files (x86)\xampp\mysql\bin\mysqld-nt.exe: ready for connections.
Version: '5.0.24a-community-nt'  socket: ''  port: 3306  MySQL Community Edition (GPL)
141210 12:26:27 [Note] C:\Program Files (x86)\xampp\mysql\bin\mysqld-nt.exe: Normal shutdown

141210 12:26:27 [Note] C:\Program Files (x86)\xampp\mysql\bin\mysqld-nt.exe: Shutdown complete

141210 12:27:52 [Note] C:\Program Files (x86)\xampp\mysql\bin\mysqld-nt.exe: ready for connections.
Version: '5.0.24a-community-nt'  socket: ''  port: 3306  MySQL Community Edition (GPL)
141210 13:41:49 [Note] C:\Program Files (x86)\xampp\mysql\bin\mysqld-nt.exe: ready for connections.
Version: '5.0.24a-community-nt'  socket: ''  port: 3306  MySQL Community Edition (GPL)
141210 14:51:39 [Note] C:\Program Files (x86)\xampp\mysql\bin\mysqld-nt.exe: ready for connections.
Version: '5.0.24a-community-nt'  socket: ''  port: 3306  MySQL Community Edition (GPL)
141210 23:34:08 [Note] C:\Program Files (x86)\xampp\mysql\bin\mysqld-nt.exe: Normal shutdown

141210 23:34:09 [Note] C:\Program Files (x86)\xampp\mysql\bin\mysqld-nt.exe: Shutdown complete

141211 10:05:51 [Note] C:\Program Files (x86)\xampp\mysql\bin\mysqld-nt.exe: ready for connections.
Version: '5.0.24a-community-nt'  socket: ''  port: 3306  MySQL Community Edition (GPL)
141212  0:39:52 [Note] C:\Program Files (x86)\xampp\mysql\bin\mysqld-nt.exe: Normal shutdown

141212  0:39:53 [Note] C:\Program Files (x86)\xampp\mysql\bin\mysqld-nt.exe: Shutdown complete

141212 12:15:02 [Note] C:\Program Files (x86)\xampp\mysql\bin\mysqld-nt.exe: ready for connections.
Version: '5.0.24a-community-nt'  socket: ''  port: 3306  MySQL Community Edition (GPL)
141212 12:35:50 [Note] C:\Program Files (x86)\xampp\mysql\bin\mysqld-nt.exe: ready for connections.
Version: '5.0.24a-community-nt'  socket: ''  port: 3306  MySQL Community Edition (GPL)
141213 23:10:11 [Note] C:\Program Files (x86)\xampp\mysql\bin\mysqld-nt.exe: Normal shutdown

141213 23:10:17 [Note] C:\Program Files (x86)\xampp\mysql\bin\mysqld-nt.exe: Shutdown complete

141213 23:42:13 [Note] C:\Program Files (x86)\xampp\mysql\bin\mysqld-nt.exe: ready for connections.
Version: '5.0.24a-community-nt'  socket: ''  port: 3306  MySQL Community Edition (GPL)
141214 23:30:28 [Note] C:\Program Files (x86)\xampp\mysql\bin\mysqld-nt.exe: Normal shutdown

141214 23:30:29 [Note] C:\Program Files (x86)\xampp\mysql\bin\mysqld-nt.exe: Shutdown complete

141215 11:45:54 [Note] C:\Program Files (x86)\xampp\mysql\bin\mysqld-nt.exe: ready for connections.
Version: '5.0.24a-community-nt'  socket: ''  port: 3306  MySQL Community Edition (GPL)
141215 16:26:31 [Note] C:\Program Files (x86)\xampp\mysql\bin\mysqld-nt.exe: ready for connections.
Version: '5.0.24a-community-nt'  socket: ''  port: 3306  MySQL Community Edition (GPL)
141215 16:28:06 [Note] C:\Program Files (x86)\xampp\mysql\bin\mysqld-nt.exe: ready for connections.
Version: '5.0.24a-community-nt'  socket: ''  port: 3306  MySQL Community Edition (GPL)
141216 12:44:49 [Note] C:\Program Files (x86)\xampp\mysql\bin\mysqld-nt.exe: ready for connections.
Version: '5.0.24a-community-nt'  socket: ''  port: 3306  MySQL Community Edition (GPL)
141216 13:27:44 [Note] C:\Program Files (x86)\xampp\mysql\bin\mysqld-nt.exe: ready for connections.
Version: '5.0.24a-community-nt'  socket: ''  port: 3306  MySQL Community Edition (GPL)
141216 13:51:53 [Note] C:\Program Files (x86)\xampp\mysql\bin\mysqld-nt.exe: ready for connections.
Version: '5.0.24a-community-nt'  socket: ''  port: 3306  MySQL Community Edition (GPL)
141216 14:36:18 [Note] C:\Program Files (x86)\xampp\mysql\bin\mysqld-nt.exe: ready for connections.
Version: '5.0.24a-community-nt'  socket: ''  port: 3306  MySQL Community Edition (GPL)
141216 19:44:13 [Note] C:\Program Files (x86)\xampp\mysql\bin\mysqld-nt.exe: ready for connections.
Version: '5.0.24a-community-nt'  socket: ''  port: 3306  MySQL Community Edition (GPL)
141216 20:38:15 [Note] C:\Program Files (x86)\xampp\mysql\bin\mysqld-nt.exe: ready for connections.
Version: '5.0.24a-community-nt'  socket: ''  port: 3306  MySQL Community Edition (GPL)
141217 18:28:41 [Note] C:\Program Files (x86)\xampp\mysql\bin\mysqld-nt.exe: ready for connections.
Version: '5.0.24a-community-nt'  socket: ''  port: 3306  MySQL Community Edition (GPL)
141218  7:25:16 [Note] C:\Program Files (x86)\xampp\mysql\bin\mysqld-nt.exe: ready for connections.
Version: '5.0.24a-community-nt'  socket: ''  port: 3306  MySQL Community Edition (GPL)
141218 18:34:36 [Note] C:\Program Files (x86)\xampp\mysql\bin\mysqld-nt.exe: ready for connections.
Version: '5.0.24a-community-nt'  socket: ''  port: 3306  MySQL Community Edition (GPL)
141218 19:35:22 [Note] C:\Program Files (x86)\xampp\mysql\bin\mysqld-nt.exe: Normal shutdown

141218 19:35:22 [Note] C:\Program Files (x86)\xampp\mysql\bin\mysqld-nt.exe: Shutdown complete

141218 19:36:52 [Note] C:\Program Files (x86)\xampp\mysql\bin\mysqld-nt.exe: ready for connections.
Version: '5.0.24a-community-nt'  socket: ''  port: 3306  MySQL Community Edition (GPL)
141219 13:18:34 [Note] C:\Program Files (x86)\xampp\mysql\bin\mysqld-nt.exe: ready for connections.
Version: '5.0.24a-community-nt'  socket: ''  port: 3306  MySQL Community Edition (GPL)
141219 13:44:54 [Note] C:\Program Files (x86)\xampp\mysql\bin\mysqld-nt.exe: ready for connections.
Version: '5.0.24a-community-nt'  socket: ''  port: 3306  MySQL Community Edition (GPL)
141220 14:06:24 [Note] C:\Program Files (x86)\xampp\mysql\bin\mysqld-nt.exe: ready for connections.
Version: '5.0.24a-community-nt'  socket: ''  port: 3306  MySQL Community Edition (GPL)
141221 12:33:34 [Note] C:\Program Files (x86)\xampp\mysql\bin\mysqld-nt.exe: ready for connections.
Version: '5.0.24a-community-nt'  socket: ''  port: 3306  MySQL Community Edition (GPL)
141223 13:28:51 [Note] C:\Program Files (x86)\xampp\mysql\bin\mysqld-nt.exe: ready for connections.
Version: '5.0.24a-community-nt'  socket: ''  port: 3306  MySQL Community Edition (GPL)
141223 14:59:25 [Note] C:\Program Files (x86)\xampp\mysql\bin\mysqld-nt.exe: ready for connections.
Version: '5.0.24a-community-nt'  socket: ''  port: 3306  MySQL Community Edition (GPL)
141224  9:49:41 [Note] C:\Program Files (x86)\xampp\mysql\bin\mysqld-nt.exe: ready for connections.
Version: '5.0.24a-community-nt'  socket: ''  port: 3306  MySQL Community Edition (GPL)
141225 13:32:37 [Note] C:\Program Files (x86)\xampp\mysql\bin\mysqld-nt.exe: Normal shutdown

141225 13:32:38 [Note] C:\Program Files (x86)\xampp\mysql\bin\mysqld-nt.exe: Shutdown complete

141225 19:50:20 [Note] C:\Program Files (x86)\xampp\mysql\bin\mysqld-nt.exe: ready for connections.
Version: '5.0.24a-community-nt'  socket: ''  port: 3306  MySQL Community Edition (GPL)
141227  0:10:04 [Note] C:\Program Files (x86)\xampp\mysql\bin\mysqld-nt.exe: Normal shutdown

141227  0:10:04 [Note] C:\Program Files (x86)\xampp\mysql\bin\mysqld-nt.exe: Shutdown complete

141227 10:16:45 [Note] C:\Program Files (x86)\xampp\mysql\bin\mysqld-nt.exe: ready for connections.
Version: '5.0.24a-community-nt'  socket: ''  port: 3306  MySQL Community Edition (GPL)
141228  0:15:28 [Note] C:\Program Files (x86)\xampp\mysql\bin\mysqld-nt.exe: Normal shutdown

141228  0:15:31 [Note] C:\Program Files (x86)\xampp\mysql\bin\mysqld-nt.exe: Shutdown complete

141228 12:13:27 [Note] C:\Program Files (x86)\xampp\mysql\bin\mysqld-nt.exe: ready for connections.
Version: '5.0.24a-community-nt'  socket: ''  port: 3306  MySQL Community Edition (GPL)
141228 22:08:57 [Note] C:\Program Files (x86)\xampp\mysql\bin\mysqld-nt.exe: Normal shutdown

141228 22:08:58 [Note] C:\Program Files (x86)\xampp\mysql\bin\mysqld-nt.exe: Shutdown complete

141229 10:59:47 [Note] C:\Program Files (x86)\xampp\mysql\bin\mysqld-nt.exe: ready for connections.
Version: '5.0.24a-community-nt'  socket: ''  port: 3306  MySQL Community Edition (GPL)
141229 23:01:57 [Note] C:\Program Files (x86)\xampp\mysql\bin\mysqld-nt.exe: Normal shutdown

141229 23:01:57 [Note] C:\Program Files (x86)\xampp\mysql\bin\mysqld-nt.exe: Shutdown complete

141230  8:26:19 [Note] C:\Program Files (x86)\xampp\mysql\bin\mysqld-nt.exe: ready for connections.
Version: '5.0.24a-community-nt'  socket: ''  port: 3306  MySQL Community Edition (GPL)
141230  9:40:38 [Note] C:\Program Files (x86)\xampp\mysql\bin\mysqld-nt.exe: ready for connections.
Version: '5.0.24a-community-nt'  socket: ''  port: 3306  MySQL Community Edition (GPL)
141230 16:26:00 [Note] C:\Program Files (x86)\xampp\mysql\bin\mysqld-nt.exe: ready for connections.
Version: '5.0.24a-community-nt'  socket: ''  port: 3306  MySQL Community Edition (GPL)
141230 19:54:18 [Note] C:\Program Files (x86)\xampp\mysql\bin\mysqld-nt.exe: ready for connections.
Version: '5.0.24a-community-nt'  socket: ''  port: 3306  MySQL Community Edition (GPL)
141230 20:07:13 [Note] C:\Program Files (x86)\xampp\mysql\bin\mysqld-nt.exe: Normal shutdown

141230 20:07:13 [Note] C:\Program Files (x86)\xampp\mysql\bin\mysqld-nt.exe: Shutdown complete

141230 20:08:46 [Note] C:\Program Files (x86)\xampp\mysql\bin\mysqld-nt.exe: ready for connections.
Version: '5.0.24a-community-nt'  socket: ''  port: 3306  MySQL Community Edition (GPL)
141230 20:15:30 [Note] C:\Program Files (x86)\xampp\mysql\bin\mysqld-nt.exe: ready for connections.
Version: '5.0.24a-community-nt'  socket: ''  port: 3306  MySQL Community Edition (GPL)
141230 20:28:55 [Note] C:\Program Files (x86)\xampp\mysql\bin\mysqld-nt.exe: ready for connections.
Version: '5.0.24a-community-nt'  socket: ''  port: 3306  MySQL Community Edition (GPL)
141231 12:37:48 [Note] C:\Program Files (x86)\xampp\mysql\bin\mysqld-nt.exe: ready for connections.
Version: '5.0.24a-community-nt'  socket: ''  port: 3306  MySQL Community Edition (GPL)
150101  2:51:46 [Note] C:\Program Files (x86)\xampp\mysql\bin\mysqld-nt.exe: Normal shutdown

150101  2:51:47 [Note] C:\Program Files (x86)\xampp\mysql\bin\mysqld-nt.exe: Shutdown complete

150101 18:26:26 [Note] C:\Program Files (x86)\xampp\mysql\bin\mysqld-nt.exe: ready for connections.
Version: '5.0.24a-community-nt'  socket: ''  port: 3306  MySQL Community Edition (GPL)
150102 22:08:42 [Note] C:\Program Files (x86)\xampp\mysql\bin\mysqld-nt.exe: Normal shutdown

150102 22:08:45 [Note] C:\Program Files (x86)\xampp\mysql\bin\mysqld-nt.exe: Shutdown complete

150103  9:35:09 [Note] C:\Program Files (x86)\xampp\mysql\bin\mysqld-nt.exe: ready for connections.
Version: '5.0.24a-community-nt'  socket: ''  port: 3306  MySQL Community Edition (GPL)
150103  9:50:34 [Note] C:\Program Files (x86)\xampp\mysql\bin\mysqld-nt.exe: ready for connections.
Version: '5.0.24a-community-nt'  socket: ''  port: 3306  MySQL Community Edition (GPL)
150103 10:17:31 [Note] C:\Program Files (x86)\xampp\mysql\bin\mysqld-nt.exe: ready for connections.
Version: '5.0.24a-community-nt'  socket: ''  port: 3306  MySQL Community Edition (GPL)
150103 15:52:07 [Note] C:\Program Files (x86)\xampp\mysql\bin\mysqld-nt.exe: ready for connections.
Version: '5.0.24a-community-nt'  socket: ''  port: 3306  MySQL Community Edition (GPL)
150103 16:05:10 [Note] C:\Program Files (x86)\xampp\mysql\bin\mysqld-nt.exe: Normal shutdown

150103 16:05:10 [Note] C:\Program Files (x86)\xampp\mysql\bin\mysqld-nt.exe: Shutdown complete

150103 16:06:30 [Note] C:\Program Files (x86)\xampp\mysql\bin\mysqld-nt.exe: ready for connections.
Version: '5.0.24a-community-nt'  socket: ''  port: 3306  MySQL Community Edition (GPL)
150103 16:42:31 [Note] C:\Program Files (x86)\xampp\mysql\bin\mysqld-nt.exe: ready for connections.
Version: '5.0.24a-community-nt'  socket: ''  port: 3306  MySQL Community Edition (GPL)
150104 10:31:57 [Note] C:\Program Files (x86)\xampp\mysql\bin\mysqld-nt.exe: ready for connections.
Version: '5.0.24a-community-nt'  socket: ''  port: 3306  MySQL Community Edition (GPL)
150104 10:56:19 [Note] C:\Program Files (x86)\xampp\mysql\bin\mysqld-nt.exe: Normal shutdown

150104 10:56:19 [Note] C:\Program Files (x86)\xampp\mysql\bin\mysqld-nt.exe: Shutdown complete

150104 10:58:56 [Note] C:\Program Files (x86)\xampp\mysql\bin\mysqld-nt.exe: ready for connections.
Version: '5.0.24a-community-nt'  socket: ''  port: 3306  MySQL Community Edition (GPL)
150105 10:16:20 [Note] C:\Program Files (x86)\xampp\mysql\bin\mysqld-nt.exe: ready for connections.
Version: '5.0.24a-community-nt'  socket: ''  port: 3306  MySQL Community Edition (GPL)
150105 10:49:37 [Note] C:\Program Files (x86)\xampp\mysql\bin\mysqld-nt.exe: ready for connections.
Version: '5.0.24a-community-nt'  socket: ''  port: 3306  MySQL Community Edition (GPL)
150106  7:29:35 [Note] C:\Program Files (x86)\xampp\mysql\bin\mysqld-nt.exe: ready for connections.
Version: '5.0.24a-community-nt'  socket: ''  port: 3306  MySQL Community Edition (GPL)
150106  8:24:39 [Note] C:\Program Files (x86)\xampp\mysql\bin\mysqld-nt.exe: ready for connections.
Version: '5.0.24a-community-nt'  socket: ''  port: 3306  MySQL Community Edition (GPL)
150108 18:42:21 [Note] C:\Program Files (x86)\xampp\mysql\bin\mysqld-nt.exe: ready for connections.
Version: '5.0.24a-community-nt'  socket: ''  port: 3306  MySQL Community Edition (GPL)
150109 14:47:58 [Note] C:\Program Files (x86)\xampp\mysql\bin\mysqld-nt.exe: ready for connections.
Version: '5.0.24a-community-nt'  socket: ''  port: 3306  MySQL Community Edition (GPL)
150110 10:11:22 [Note] C:\Program Files (x86)\xampp\mysql\bin\mysqld-nt.exe: ready for connections.
Version: '5.0.24a-community-nt'  socket: ''  port: 3306  MySQL Community Edition (GPL)
150110 18:53:55 [Note] C:\Program Files (x86)\xampp\mysql\bin\mysqld-nt.exe: ready for connections.
Version: '5.0.24a-community-nt'  socket: ''  port: 3306  MySQL Community Edition (GPL)
150111 17:02:53 [Note] C:\Program Files (x86)\xampp\mysql\bin\mysqld-nt.exe: ready for connections.
Version: '5.0.24a-community-nt'  socket: ''  port: 3306  MySQL Community Edition (GPL)
150111 17:26:03 [Note] C:\Program Files (x86)\xampp\mysql\bin\mysqld-nt.exe: ready for connections.
Version: '5.0.24a-community-nt'  socket: ''  port: 3306  MySQL Community Edition (GPL)
150111 18:22:16 [Note] C:\Program Files (x86)\xampp\mysql\bin\mysqld-nt.exe: ready for connections.
Version: '5.0.24a-community-nt'  socket: ''  port: 3306  MySQL Community Edition (GPL)
150112 21:40:58 [Note] C:\Program Files (x86)\xampp\mysql\bin\mysqld-nt.exe: Normal shutdown

150112 21:41:00 [Note] C:\Program Files (x86)\xampp\mysql\bin\mysqld-nt.exe: Shutdown complete

150113 11:08:42 [Note] C:\Program Files (x86)\xampp\mysql\bin\mysqld-nt.exe: ready for connections.
Version: '5.0.24a-community-nt'  socket: ''  port: 3306  MySQL Community Edition (GPL)
150113 14:50:36 [Note] C:\Program Files (x86)\xampp\mysql\bin\mysqld-nt.exe: ready for connections.
Version: '5.0.24a-community-nt'  socket: ''  port: 3306  MySQL Community Edition (GPL)
150113 19:49:42 [Note] C:\Program Files (x86)\xampp\mysql\bin\mysqld-nt.exe: ready for connections.
Version: '5.0.24a-community-nt'  socket: ''  port: 3306  MySQL Community Edition (GPL)
150114 13:35:34 [Note] C:\Program Files (x86)\xampp\mysql\bin\mysqld-nt.exe: ready for connections.
Version: '5.0.24a-community-nt'  socket: ''  port: 3306  MySQL Community Edition (GPL)
150114 14:10:40 [Note] C:\Program Files (x86)\xampp\mysql\bin\mysqld-nt.exe: ready for connections.
Version: '5.0.24a-community-nt'  socket: ''  port: 3306  MySQL Community Edition (GPL)
150114 22:24:50 [Note] C:\Program Files (x86)\xampp\mysql\bin\mysqld-nt.exe: Normal shutdown

150114 22:24:54 [Note] C:\Program Files (x86)\xampp\mysql\bin\mysqld-nt.exe: Shutdown complete

150115 13:24:05 [Note] C:\Program Files (x86)\xampp\mysql\bin\mysqld-nt.exe: ready for connections.
Version: '5.0.24a-community-nt'  socket: ''  port: 3306  MySQL Community Edition (GPL)
150116 23:10:46 [Note] C:\Program Files (x86)\xampp\mysql\bin\mysqld-nt.exe: Normal shutdown

150116 23:11:54 [Note] C:\Program Files (x86)\xampp\mysql\bin\mysqld-nt.exe: Shutdown complete

150116 23:15:02 [Note] C:\Program Files (x86)\xampp\mysql\bin\mysqld-nt.exe: ready for connections.
Version: '5.0.24a-community-nt'  socket: ''  port: 3306  MySQL Community Edition (GPL)
150117  7:05:43 [Note] C:\Program Files (x86)\xampp\mysql\bin\mysqld-nt.exe: ready for connections.
Version: '5.0.24a-community-nt'  socket: ''  port: 3306  MySQL Community Edition (GPL)
150117  7:19:23 [Note] C:\Program Files (x86)\xampp\mysql\bin\mysqld-nt.exe: ready for connections.
Version: '5.0.24a-community-nt'  socket: ''  port: 3306  MySQL Community Edition (GPL)
150117  7:32:42 [Note] C:\Program Files (x86)\xampp\mysql\bin\mysqld-nt.exe: ready for connections.
Version: '5.0.24a-community-nt'  socket: ''  port: 3306  MySQL Community Edition (GPL)
150117 16:48:23 [Note] C:\Program Files (x86)\xampp\mysql\bin\mysqld-nt.exe: ready for connections.
Version: '5.0.24a-community-nt'  socket: ''  port: 3306  MySQL Community Edition (GPL)
150117 17:13:01 [Note] C:\Program Files (x86)\xampp\mysql\bin\mysqld-nt.exe: ready for connections.
Version: '5.0.24a-community-nt'  socket: ''  port: 3306  MySQL Community Edition (GPL)
150117 23:08:03 [Note] C:\Program Files (x86)\xampp\mysql\bin\mysqld-nt.exe: ready for connections.
Version: '5.0.24a-community-nt'  socket: ''  port: 3306  MySQL Community Edition (GPL)
150118 15:21:37 [Note] C:\Program Files (x86)\xampp\mysql\bin\mysqld-nt.exe: ready for connections.
Version: '5.0.24a-community-nt'  socket: ''  port: 3306  MySQL Community Edition (GPL)
150118 16:27:03 [Note] C:\Program Files (x86)\xampp\mysql\bin\mysqld-nt.exe: ready for connections.
Version: '5.0.24a-community-nt'  socket: ''  port: 3306  MySQL Community Edition (GPL)
150118 20:33:02 [Note] C:\Program Files (x86)\xampp\mysql\bin\mysqld-nt.exe: Normal shutdown

150118 20:33:03 [Note] C:\Program Files (x86)\xampp\mysql\bin\mysqld-nt.exe: Shutdown complete

150118 20:34:23 [Note] C:\Program Files (x86)\xampp\mysql\bin\mysqld-nt.exe: ready for connections.
Version: '5.0.24a-community-nt'  socket: ''  port: 3306  MySQL Community Edition (GPL)
150119 23:12:07 [Note] C:\Program Files (x86)\xampp\mysql\bin\mysqld-nt.exe: Normal shutdown

150119 23:12:08 [Note] C:\Program Files (x86)\xampp\mysql\bin\mysqld-nt.exe: Shutdown complete

150120 10:35:59 [Note] C:\Program Files (x86)\xampp\mysql\bin\mysqld-nt.exe: ready for connections.
Version: '5.0.24a-community-nt'  socket: ''  port: 3306  MySQL Community Edition (GPL)
150120 10:57:34 [Note] C:\Program Files (x86)\xampp\mysql\bin\mysqld-nt.exe: ready for connections.
Version: '5.0.24a-community-nt'  socket: ''  port: 3306  MySQL Community Edition (GPL)
150120 12:25:22 [Note] C:\Program Files (x86)\xampp\mysql\bin\mysqld-nt.exe: ready for connections.
Version: '5.0.24a-community-nt'  socket: ''  port: 3306  MySQL Community Edition (GPL)
150120 14:07:55 [Note] C:\Program Files (x86)\xampp\mysql\bin\mysqld-nt.exe: ready for connections.
Version: '5.0.24a-community-nt'  socket: ''  port: 3306  MySQL Community Edition (GPL)
